<?xml version="1.0" encoding="UTF-8"?>
<!-- Generated by org.testng.reporters.JUnitReportReporter -->
<testsuite skipped="1" hostname="Ritesh" name="CourseTestngXml.Test1a" tests="2" failures="0" timestamp="2020-12-26T12:50:39 IST" time="0.036" errors="0">
  <testcase name="first" time="0.036" classname="CourseTestngXml.Test1a"/>
  <system-out/>
  <testcase name="second" classname="CourseTestngXml.Test1a">
    <skipped/>
  </testcase> <!-- second -->
  <system-out/>
</testsuite> <!-- CourseTestngXml.Test1a -->
