<?xml version="1.0" encoding="UTF-8"?>
<!-- Generated by org.testng.reporters.JUnitReportReporter -->
<testsuite skipped="0" hostname="Ritesh" name="CoursePageObjectModel.LoginTestUsingTestNG" tests="2" failures="0" timestamp="2020-12-20T18:51:27 IST" time="31.392" errors="0">
  <testcase name="TestLoginFail" time="11.428" classname="CoursePageObjectModel.LoginTestUsingTestNG"/>
  <system-out/>
  <testcase name="TestLoginSuccess" time="19.964" classname="CoursePageObjectModel.LoginTestUsingTestNG"/>
  <system-out/>
</testsuite> <!-- CoursePageObjectModel.LoginTestUsingTestNG -->
