<?xml version="1.0" encoding="UTF-8"?>
<!-- Generated by org.testng.reporters.JUnitReportReporter -->
<testsuite skipped="0" hostname="Ritesh" name="CourseTestngXml.Test1b" tests="2" failures="0" timestamp="2020-12-20T18:51:27 IST" time="0.009" errors="0">
  <testcase name="third" time="0.007" classname="CourseTestngXml.Test1b"/>
  <system-out/>
  <testcase name="fourth" time="0.002" classname="CourseTestngXml.Test1b"/>
  <system-out/>
</testsuite> <!-- CourseTestngXml.Test1b -->
