<?xml version="1.0" encoding="UTF-8"?>
<!-- Generated by org.testng.reporters.JUnitReportReporter -->
<testsuite skipped="0" hostname="Ritesh" name="CourseTestngXml.Test4" tests="3" failures="0" timestamp="2020-12-20T18:51:27 IST" time="0.015" errors="0">
  <testcase name="YahooLogin" time="0.011" classname="CourseTestngXml.Test4"/>
  <system-out/>
  <testcase name="YahooLogin" time="0.002" classname="CourseTestngXml.Test4"/>
  <system-out/>
  <testcase name="YahooLogin" time="0.002" classname="CourseTestngXml.Test4"/>
  <system-out/>
</testsuite> <!-- CourseTestngXml.Test4 -->
