<?xml version="1.0" encoding="UTF-8"?>
<!-- Generated by org.testng.reporters.JUnitReportReporter -->
<testsuite hostname="Ritesh" name="CourseTestngXml.Test1a" tests="2" failures="0" timestamp="28 Dec 2020 05:31:44 GMT" time="0.041" errors="0">
  <testcase name="first" time="0.040" classname="CourseTestngXml.Test1a"/>
  <testcase name="second" time="0.001" classname="CourseTestngXml.Test1a"/>
</testsuite> <!-- CourseTestngXml.Test1a -->
