<?xml version="1.0" encoding="UTF-8"?>
<!-- Generated by org.testng.reporters.JUnitReportReporter -->
<testsuite hostname="Ritesh" name="CourseTestngXml.Test1b" tests="2" failures="0" timestamp="26 Dec 2020 07:29:07 GMT" time="0.053" errors="0">
  <testcase name="third" time="0.051" classname="CourseTestngXml.Test1b"/>
  <testcase name="fourth" time="0.002" classname="CourseTestngXml.Test1b"/>
</testsuite> <!-- CourseTestngXml.Test1b -->
