<?xml version="1.0" encoding="UTF-8"?>
<!-- Generated by org.testng.reporters.JUnitReportReporter -->
<testsuite hostname="Ritesh" name="CourseTestngXml.Test1b" tests="2" failures="0" timestamp="28 Dec 2020 05:31:44 GMT" time="0.012" errors="0">
  <testcase name="fourth" time="0.001" classname="CourseTestngXml.Test1b"/>
  <testcase name="third" time="0.011" classname="CourseTestngXml.Test1b"/>
</testsuite> <!-- CourseTestngXml.Test1b -->
