<?xml version="1.0" encoding="UTF-8"?>
<!-- Generated by org.testng.reporters.JUnitReportReporter -->
<testsuite hostname="Ritesh" name="CourseTestngXml.Test1a" tests="1" failures="0" timestamp="27 Dec 2020 05:32:29 GMT" time="0.073" errors="0">
  <testcase name="first" time="0.073" classname="CourseTestngXml.Test1a"/>
</testsuite> <!-- CourseTestngXml.Test1a -->
