<?xml version="1.0" encoding="UTF-8"?>
<!-- Generated by org.testng.reporters.JUnitReportReporter -->
<testsuite hostname="Ritesh" name="CourseTestngXml.Test1b" tests="2" failures="0" timestamp="27 Dec 2020 05:32:29 GMT" time="0.022" errors="0">
  <testcase name="third" time="0.021" classname="CourseTestngXml.Test1b"/>
  <testcase name="fourth" time="0.001" classname="CourseTestngXml.Test1b"/>
</testsuite> <!-- CourseTestngXml.Test1b -->
